********************************************************************************
*                     Wednesday, March 07, 2018 2:07:27 PM                     *
********************************************************************************
CSharpCompilerWrapper.exe version: 2.0.3.30
Platform: Windows
Target assembly: Assembly-CSharp.dll
Project directory: C:\mgr\TerrainFromBilFile
Target profile directory: C:\Program Files\Unity56\Editor\Data\MonoBleedingEdge\lib\mono\2.0-api
Unity 'Data' or 'Frameworks' directory: C:/Program Files/Unity56/Editor/Data
Compiler: Microsoft C# 6.0

- Compilation -----------------------------------------------

Process: C:\mgr\TerrainFromBilFile\CSharp60Support\Roslyn\csc.exe
Arguments: -nostdlib+ -noconfig -nologo -r:"C:\Program Files\Unity56\Editor\Data\MonoBleedingEdge\lib\mono\2.0-api\mscorlib.dll" -r:"C:\Program Files\Unity56\Editor\Data\MonoBleedingEdge\lib\mono\2.0-api\System.dll" -r:"C:\Program Files\Unity56\Editor\Data\MonoBleedingEdge\lib\mono\2.0-api\System.Core.dll" -r:"C:\Program Files\Unity56\Editor\Data\MonoBleedingEdge\lib\mono\2.0-api\System.Xml.dll" @Temp/UnityTempFile-6786d05dbc1a80446bb40c07346a698e 
Exit code: 1
Elapsed time: 4.31 sec

- Compiler output (0 lines):

- Compiler errors (86 lines):
0: Assets\OutsideAssets\PackOfTrees_Vol01\_DynamicClouds\cloud_behav.cs(23,9): warning CS0618: 'Random.seed' is obsolete: 'Deprecated. Use InitState() function or Random.state property instead.'
1: Assets\OutsideAssets\PackOfTrees_Vol01\_DynamicClouds\cloud_self.cs(14,9): warning CS0618: 'Random.seed' is obsolete: 'Deprecated. Use InitState() function or Random.state property instead.'
2: Assets\OutsideAssets\PackOfTrees_Vol01\_DynamicClouds\cloud_self.cs(19,9): warning CS0618: 'ParticleSystem.startSize' is obsolete: 'startSize property is deprecated. Use main.startSize or main.startSizeMultiplier instead.'
3: Assets\OutsideAssets\PackOfTrees_Vol01\_DynamicClouds\cloud_self.cs(20,9): warning CS0618: 'ParticleSystem.startRotation3D' is obsolete: 'startRotation3D property is deprecated. Use main.startRotationX, main.startRotationY and main.startRotationZ instead. (Or main.startRotationXMultiplier, main.startRotationYMultiplier and main.startRotationZMultiplier).'
4: Assets\Grass\Generating\GrassMeshGenerator.cs(28,17): warning CS0219: The variable 'df' is assigned but its value is never used
5: Assets\Grass\Generating\GrassMeshGenerator.cs(122,19): warning CS0219: The variable 'height' is assigned but its value is never used
6: Assets\ETerrain\SectorFilling\SectorFillerDEO.cs(23,34): error CS1729: 'SegmentFiller' does not contain a constructor that takes 4 arguments
7: Assets\Utils\ExtendedFlycam.cs(91,17): warning CS0618: 'Screen.lockCursor' is obsolete: 'Use Cursor.lockState and Cursor.visible instead.'
8: Assets\Utils\ExtendedFlycam.cs(91,38): warning CS0618: 'Screen.lockCursor' is obsolete: 'Use Cursor.lockState and Cursor.visible instead.'
9: Assets\Utils\UpdaterUntilException.cs(20,34): warning CS0168: The variable 'e' is declared but never used
10: Assets\Grass2\PoissonDiskSamplingDebugObject.cs(29,17): warning CS0219: The variable 'exRadius' is assigned but its value is never used
11: Assets\Heightmaps\Welding\HeightArrayWeldingDispatcher.cs(781,13): warning CS4014: Because this call is not awaited, execution of the current method continues before the call is completed. Consider applying the 'await' operator to the result of the call.
12: Assets\FinalExecution\FETerrainShapeDbInitialization.cs(89,17): warning CS0162: Unreachable code detected
13: Assets\Habitat\HabitatMap.cs(207,30): warning CS0168: The variable 'e' is declared but never used
14: Assets\Heightmaps\Welding\HeightArrayWeldingDispatcher.cs(42,21): warning CS0219: The variable 'rr' is assigned but its value is never used
15: Assets\Heightmaps\Welding\HeightArrayWeldingDispatcher.cs(116,21): warning CS0219: The variable 'rr' is assigned but its value is never used
16: Assets\Heightmaps\TerrainLoaderGameObject.cs(26,20): warning CS0219: The variable 'bilFilePath' is assigned but its value is never used
17: Assets\Heightmaps\TerrainLoaderGameObject.cs(28,23): warning CS0219: The variable 'filePixelWidth' is assigned but its value is never used
18: Assets\Grass2\Bush\Grass2BushRuntimeManagementDebugObject.cs(91,27): warning CS0219: The variable 'maxMsPerFrame' is assigned but its value is never used
19: Assets\TerrainMat\BiomeInstancesContainer.cs(33,17): warning CS0219: The variable 'index' is assigned but its value is never used
20: Assets\Grass2\Grass2RuntimeManagmentDebugObject.cs(146,27): warning CS0219: The variable 'maxMsPerFrame' is assigned but its value is never used
21: Assets\Trees\RuntimeManagement\VegetationRuntimeManagementDebugObject.cs(137,13): warning CS0162: Unreachable code detected
22: Assets\Roads\Pathfinding\Fitting\PathCurve.cs(125,25): warning CS0219: The variable 'todo' is assigned but its value is never used
23: Assets\Heightmaps\Ring1\TessalationRequirementTextureGenerator.cs(50,41): warning CS0219: The variable 'xx' is assigned but its value is never used
24: Assets\Heightmaps\Ring1\TessalationRequirementTextureGenerator.cs(48,65): warning CS0168: The variable 'e' is declared but never used
25: Assets\Trees\Placement\VegetationPlacer.cs(568,21): warning CS0219: The variable 'rr' is assigned but its value is never used
26: Assets\Heightmaps\Ring1\Erosion\EroderDebugObject.cs(22,23): warning CS0219: The variable 'filePixelWidth' is assigned but its value is never used
27: Assets\Heightmaps\Ring1\Creator\DiamondSquareCreator.cs(228,25): warning CS0219: The variable 'x3' is assigned but its value is never used
28: Assets\Heightmaps\Ring1\HeightmapUtils.cs(87,17): warning CS0219: The variable 'xStartPoint' is assigned but its value is never used
29: Assets\Heightmaps\Ring1\HeightmapUtils.cs(88,17): warning CS0219: The variable 'xEndPoint' is assigned but its value is never used
30: Assets\Heightmaps\Ring1\HeightmapUtils.cs(236,29): warning CS0219: The variable 'a44' is assigned but its value is never used
31: Assets\Heightmaps\Ring1\Ring1DebugObject.cs(36,17): warning CS0219: The variable 'minSubmapWidth' is assigned but its value is never used
32: Assets\Heightmaps\Ring1\TerrainDescription\FeatureGenerating\MTTerrainDetailProviderDebugObject.cs(59,46): warning CS1998: This async method lacks 'await' operators and will run synchronously. Consider using the 'await' operator to await non-blocking API calls, or 'await Task.Run(...)' to do CPU-bound work on a background thread.
33: Assets\Heightmaps\Ring1\TerrainDescription\FeatureGenerating\MeiErosionTerrainFeatureApplier.cs(23,46): warning CS1998: This async method lacks 'await' operators and will run synchronously. Consider using the 'await' operator to await non-blocking API calls, or 'await Task.Run(...)' to do CPU-bound work on a background thread.
34: Assets\Heightmaps\Ring1\TerrainDescription\TerrainCardinalResolution.cs(73,13): warning CS0162: Unreachable code detected
35: Assets\Heightmaps\Ring1\Erosion\MeiHydraulicEroder.cs(71,33): warning CS0219: The variable 'yyy' is assigned but its value is never used
36: Assets\Heightmaps\Ring1\Erosion\MeiHydraulicEroder.cs(104,33): warning CS0219: The variable 'yyy' is assigned but its value is never used
37: Assets\Heightmaps\Ring1\Erosion\MeiHydraulicEroder.cs(152,33): warning CS0219: The variable 'yyy' is assigned but its value is never used
38: Assets\Heightmaps\Ring1\Erosion\MeiHydraulicEroder.cs(222,33): warning CS0219: The variable 'yyy' is assigned but its value is never used
39: Assets\Heightmaps\Ring1\Erosion\MeiHydraulicEroder.cs(238,33): warning CS0219: The variable 'yyy' is assigned but its value is never used
40: Assets\Heightmaps\Ring1\TerrainDescription\TerrainDetailGenerator.cs(171,19): warning CS0219: The variable 'heightMultiplier' is assigned but its value is never used
41: Assets\Heightmaps\Ring1\Erosion\MeiHydraulicEroder.cs(302,37): warning CS0219: The variable 'yyy' is assigned but its value is never used
42: Assets\Heightmaps\Ring1\Erosion\MeiHydraulicEroder.cs(338,33): warning CS0219: The variable 'yyy' is assigned but its value is never used
43: Assets\Heightmaps\Ring1\Erosion\MeiHydraulicEroder.cs(384,33): warning CS0219: The variable 'yyy' is assigned but its value is never used
44: Assets\Heightmaps\Ring1\Erosion\MeiHydraulicEroder.cs(441,33): warning CS0219: The variable 'yyy' is assigned but its value is never used
45: Assets\Heightmaps\Ring1\Erosion\MeiHydraulicEroder.cs(520,33): warning CS0219: The variable 'yyy' is assigned but its value is never used
46: Assets\Heightmaps\Ring1\Erosion\MeiHydraulicEroder.cs(538,33): warning CS0219: The variable 'yyy' is assigned but its value is never used
47: Assets\Heightmaps\Welding\WeldTextureManagerDebugObject.cs(533,35): warning CS0649: Field 'WeldTextureManagerDebugObject.DebugOneSideSpecification.TerrainWeldUvs' is never assigned to, and will always have its default value null
48: Assets\Trees\SpotUpdating\DesignBodySpotUpdater.cs(488,26): warning CS0649: Field 'DesignBodySpotChangeCalculator.OutputSpotDataComputeShaderStruct.NormalX' is never assigned to, and will always have its default value 0
49: Assets\Grass\GrassGeneratorObj.cs(26,30): warning CS0649: Field 'GrassGeneratorObj.RenderTexture' is never assigned to, and will always have its default value null
50: Assets\Trees\SpotUpdating\DesignBodySpotUpdater.cs(489,26): warning CS0649: Field 'DesignBodySpotChangeCalculator.OutputSpotDataComputeShaderStruct.NormalY' is never assigned to, and will always have its default value 0
51: Assets\Heightmaps\Welding\WeldTextureManagerDebugObject.cs(529,33): warning CS0649: Field 'WeldTextureManagerDebugObject.DebugOneSideSpecification.SideType' is never assigned to, and will always have its default value
52: Assets\Heightmaps\Ring1\TerrainDescription\FeatureGenerating\MTTerrainDetailProviderDebugObject.cs(39,28): warning CS0649: Field 'MTTerrainDetailProviderDebugObject.MyTexturePair.Tex1' is never assigned to, and will always have its default value null
53: Assets\Heightmaps\Welding\WeldTextureManagerDebugObject.cs(530,32): warning CS0649: Field 'WeldTextureManagerDebugObject.DebugOneSideSpecification.QueryArea' is never assigned to, and will always have its default value null
54: Assets\Grass\GrassGeneratorObj.cs(24,25): warning CS0649: Field 'GrassGeneratorObj.ShellMaterial' is never assigned to, and will always have its default value null
55: Assets\Grass2\IntenstityDb\HabitatToGrassIntensityMapGeneratorDebugObject.cs(23,49): warning CS0649: Field 'HabitatToGrassIntensityMapGeneratorDebugObject.ComputeShaderContainer' is never assigned to, and will always have its default value null
56: Assets\Trees\SpotUpdating\DesignBodySpotUpdater.cs(491,26): warning CS0649: Field 'DesignBodySpotChangeCalculator.OutputSpotDataComputeShaderStruct.Height' is never assigned to, and will always have its default value 0
57: Assets\TerrainMat\TerrainMaterialDebug.cs(15,27): warning CS0649: Field 'TerrainMaterialDebug.RenderTextureGameObject' is never assigned to, and will always have its default value null
58: Assets\Grass\GrassGeneratorObj.cs(23,25): warning CS0649: Field 'GrassGeneratorObj.BillboardMaterial' is never assigned to, and will always have its default value null
59: Assets\Heightmaps\Welding\WeldTextureManagerDebugObject.cs(528,31): warning CS0649: Field 'WeldTextureManagerDebugObject.DebugOneSideSpecification.FullLodSidePixelsRange' is never assigned to, and will always have its default value
60: Assets\Grass\GrassGeneratorObj.cs(30,27): warning CS0649: Field 'GrassGeneratorObj.RenderTextureGameObject' is never assigned to, and will always have its default value null
61: Assets\Grass\GrassGeneratorObj.cs(31,27): warning CS0649: Field 'GrassGeneratorObj.CameraGameObject' is never assigned to, and will always have its default value null
62: Assets\ETerrain\ETerrainIntegration\ETerrainIntegrationFakeHeightInputDEO.cs(30,45): warning CS0649: Field 'ETerrainIntegrationFakeHeightInputDEO._window' is never assigned to, and will always have its default value null
63: Assets\Grass\GrassGeneratorObj.cs(27,24): warning CS0649: Field 'GrassGeneratorObj.RealTexture' is never assigned to, and will always have its default value null
64: Assets\Heightmaps\Welding\WeldTextureManagerDebugObject.cs(531,24): warning CS0649: Field 'WeldTextureManagerDebugObject.DebugOneSideSpecification.LodLevel' is never assigned to, and will always have its default value 0
65: Assets\Grass\GrassGeneratorObj.cs(25,25): warning CS0649: Field 'GrassGeneratorObj.GrassBillboardGeneratorMaterial' is never assigned to, and will always have its default value null
66: Assets\Trees\SpotUpdating\DesignBodySpotUpdater.cs(490,26): warning CS0649: Field 'DesignBodySpotChangeCalculator.OutputSpotDataComputeShaderStruct.NormalZ' is never assigned to, and will always have its default value 0
67: Assets\Heightmaps\Welding\WeldTextureManagerDebugObject.cs(532,31): warning CS0649: Field 'WeldTextureManagerDebugObject.DebugOneSideSpecification.MeshResolution' is never assigned to, and will always have its default value
68: Assets\Heightmaps\Ring1\TerrainDescription\FeatureGenerating\MTTerrainDetailProviderDebugObject.cs(38,28): warning CS0649: Field 'MTTerrainDetailProviderDebugObject.MyTexturePair.Tex0' is never assigned to, and will always have its default value null
69: Assets\Heightmaps\Welding\WeldTextureManagerDebugObject.cs(527,24): warning CS0649: Field 'WeldTextureManagerDebugObject.DebugOneSideSpecification.ConstantCoord' is never assigned to, and will always have its default value 0
70: Assets\Grass\GrassGeneratorObj.cs(28,25): warning CS0649: Field 'GrassGeneratorObj.fragMaterial' is never assigned to, and will always have its default value null
71: Assets\Heightmaps\Welding\WeldTextureManagerDebugObject.cs(534,44): warning CS0649: Field 'WeldTextureManagerDebugObject.DebugOneSideSpecification.HeightTextureWithUvBase' is never assigned to, and will always have its default value null
72: Assets\Trees\Placement\BiomesMap\BiomeMapGenerationTreePlacerDebugObject.cs(27,23): warning CS0414: The field 'BiomeMapGenerationTreePlacerDebugObject.MaxElementsPerCellsSquareMeter' is assigned but its value is never used
73: Assets\Grass\GrassGeneratorObj.cs(127,30): warning CS0414: The field 'GrassGeneratorObj.angl' is assigned but its value is never used
74: Assets\Grass2\IntenstityDb\HabitatTexturesGeneratorDebugObject.cs(40,21): warning CS0414: The field 'HabitatTexturesGeneratorDebugObject.once' is assigned but its value is never used
75: Assets\Ring2\RuntimeManagementOtherThread\Finalizer\Ring2PatchStamplingOverseerFinalizer.cs(77,28): warning CS0414: The field 'Ring2PatchStamplingOverseerFinalizer.xx' is assigned but its value is never used
76: Assets\Trees\Placement\BiomesMap\BiomeMapGenerationTreePlacerDebugObject.cs(28,23): warning CS0414: The field 'BiomeMapGenerationTreePlacerDebugObject.MaxTriesPerCellsSquareMeter' is assigned but its value is never used
77: Assets\FinalExecution\CameraFlightDemo.cs(72,23): warning CS0414: The field 'FlightTrack._currentSegmentUsedLength' is assigned but its value is never used
78: Assets\Trees\TreePlacerDebug.cs(23,23): warning CS0414: The field 'TreePlacerDebug.MaxElementsPerCellsSquareMeter' is assigned but its value is never used
79: Assets\Grass\GrassGeneratorObj.cs(126,30): warning CS0414: The field 'GrassGeneratorObj.a' is assigned but its value is never used
80: Assets\Grass2\Grass2DebugObject.cs(86,22): warning CS0414: The field 'Grass2DebugObject.once' is assigned but its value is never used
81: Assets\Trees\TreePlacerDebug.cs(24,23): warning CS0414: The field 'TreePlacerDebug.MaxTriesPerCellsSquareMeter' is assigned but its value is never used
82: Assets\Trees\RuntimeManagement\SubjectsInstancesContainer\GpuInstancing\GpuInstancingDebugObject.cs(105,21): warning CS0414: The field 'GpuInstancingDebugObject.frameNo' is assigned but its value is never used
83: Assets\FinalExecution\CameraFlightDemo.cs(71,23): warning CS0414: The field 'FlightTrack._currentSegmentStartLength' is assigned but its value is never used
84: Assets\Grass\GrassGeneratorObj.cs(128,30): warning CS0414: The field 'GrassGeneratorObj.windStrength' is assigned but its value is never used
85: Assets\FinalExecution\CameraFlightDemo.cs(70,21): warning CS0414: The field 'FlightTrack._currentSegmentIndex' is assigned but its value is never used
